<?xml version="1.0" encoding="UTF-8"?>
<testng-results ignored="0" total="1" passed="1" failed="0" skipped="0">
  <reporter-output>
  </reporter-output>
  <suite started-at="2025-07-10T19:35:54 CEST" name="Surefire suite" finished-at="2025-07-10T19:36:01 CEST" duration-ms="7019">
    <groups>
    </groups>
    <test started-at="2025-07-10T19:35:54 CEST" name="Surefire test" finished-at="2025-07-10T19:36:01 CEST" duration-ms="7019">
      <class name="com.qa.tests.homeTest">
        <test-method is-config="true" signature="setUp()[pri:0, instance:com.qa.tests.homeTest@350ec41e]" started-at="2025-07-10T19:35:54 CEST" name="setUp" finished-at="2025-07-10T19:36:00 CEST" duration-ms="5422" status="PASS">
          <reporter-output>
          </reporter-output>
        </test-method> <!-- setUp -->
        <test-method signature="homeTestpage()[pri:0, instance:com.qa.tests.homeTest@350ec41e]" started-at="2025-07-10T19:36:00 CEST" name="homeTestpage" description="Launching the espn website" finished-at="2025-07-10T19:36:01 CEST" duration-ms="1301" status="PASS">
          <reporter-output>
          </reporter-output>
        </test-method> <!-- homeTestpage -->
        <test-method is-config="true" signature="tearDown()[pri:0, instance:com.qa.tests.homeTest@350ec41e]" started-at="2025-07-10T19:36:01 CEST" name="tearDown" finished-at="2025-07-10T19:36:01 CEST" duration-ms="169" status="PASS">
          <reporter-output>
          </reporter-output>
        </test-method> <!-- tearDown -->
      </class> <!-- com.qa.tests.homeTest -->
    </test> <!-- Surefire test -->
  </suite> <!-- Surefire suite -->
</testng-results>
