<?xml version="1.0" encoding="UTF-8"?>
<testng-results ignored="0" total="1" passed="1" failed="0" skipped="0">
  <reporter-output>
  </reporter-output>
  <suite started-at="2025-07-10T19:42:36 CEST" name="Surefire suite" finished-at="2025-07-10T19:42:43 CEST" duration-ms="7042">
    <groups>
    </groups>
    <test started-at="2025-07-10T19:42:36 CEST" name="Surefire test" finished-at="2025-07-10T19:42:43 CEST" duration-ms="7042">
      <class name="com.qa.tests.homeTest">
        <test-method is-config="true" signature="setUp()[pri:0, instance:com.qa.tests.homeTest@350ec41e]" started-at="2025-07-10T19:42:36 CEST" name="setUp" finished-at="2025-07-10T19:42:41 CEST" duration-ms="5373" status="PASS">
          <reporter-output>
          </reporter-output>
        </test-method> <!-- setUp -->
        <test-method signature="homeTestpage()[pri:0, instance:com.qa.tests.homeTest@350ec41e]" started-at="2025-07-10T19:42:42 CEST" name="homeTestpage" description="Launching the espn website" finished-at="2025-07-10T19:42:43 CEST" duration-ms="1253" status="PASS">
          <reporter-output>
          </reporter-output>
        </test-method> <!-- homeTestpage -->
        <test-method is-config="true" signature="tearDown()[pri:0, instance:com.qa.tests.homeTest@350ec41e]" started-at="2025-07-10T19:42:43 CEST" name="tearDown" finished-at="2025-07-10T19:42:43 CEST" duration-ms="248" status="PASS">
          <reporter-output>
          </reporter-output>
        </test-method> <!-- tearDown -->
      </class> <!-- com.qa.tests.homeTest -->
    </test> <!-- Surefire test -->
  </suite> <!-- Surefire suite -->
</testng-results>
